2020-07-28T12:02:50.500+0600 INFO application started
2020-07-28T12:02:50.787+0600 INFO Starting OfficelibraryApplication on MacBook-Pro-Alexey.local with PID 9149 (/Users/alexey/IdeaProjects/officelibrary/target/classes started by alexey in /Users/alexey/IdeaProjects/officelibrary)
2020-07-28T12:02:50.790+0600 DEBUG Running with Spring Boot v2.3.1.RELEASE, Spring v5.2.7.RELEASE
2020-07-28T12:02:50.790+0600 INFO No active profile set, falling back to default profiles: default
2020-07-28T12:02:53.381+0600 INFO Started OfficelibraryApplication in 2.83 seconds (JVM running for 3.637)
2020-07-28T12:03:01.739+0600 INFO application started
2020-07-28T12:03:02.042+0600 INFO Starting OfficelibraryApplication on MacBook-Pro-Alexey.local with PID 9165 (/Users/alexey/IdeaProjects/officelibrary/target/classes started by alexey in /Users/alexey/IdeaProjects/officelibrary)
2020-07-28T12:03:02.044+0600 DEBUG Running with Spring Boot v2.3.1.RELEASE, Spring v5.2.7.RELEASE
2020-07-28T12:03:02.045+0600 INFO No active profile set, falling back to default profiles: default
2020-07-28T12:03:04.707+0600 INFO Started OfficelibraryApplication in 2.909 seconds (JVM running for 3.722)
${LOG_PATTERN}${LOG_PATTERN}${LOG_PATTERN}${LOG_PATTERN}${LOG_PATTERN}2020-07-28T12:03:53.931+0600 INFO application started
2020-07-28T12:03:54.243+0600 INFO Starting OfficelibraryApplication on MacBook-Pro-Alexey.local with PID 9205 (/Users/alexey/IdeaProjects/officelibrary/target/classes started by alexey in /Users/alexey/IdeaProjects/officelibrary)
2020-07-28T12:03:54.245+0600 DEBUG Running with Spring Boot v2.3.1.RELEASE, Spring v5.2.7.RELEASE
2020-07-28T12:03:54.246+0600 INFO No active profile set, falling back to default profiles: default
2020-07-28T12:03:56.678+0600 INFO Started OfficelibraryApplication in 2.696 seconds (JVM running for 3.653)
2020-07-28T12:04:08.758+0600 INFO application started
2020-07-28T12:04:09.035+0600 INFO Starting OfficelibraryApplication on MacBook-Pro-Alexey.local with PID 9222 (/Users/alexey/IdeaProjects/officelibrary/target/classes started by alexey in /Users/alexey/IdeaProjects/officelibrary)
2020-07-28T12:04:09.037+0600 DEBUG Running with Spring Boot v2.3.1.RELEASE, Spring v5.2.7.RELEASE
2020-07-28T12:04:09.037+0600 INFO No active profile set, falling back to default profiles: default
2020-07-28T12:04:11.805+0600 INFO Started OfficelibraryApplication in 2.992 seconds (JVM running for 3.715)
2020-07-28T12:10:47.713+0600 INFO application started
2020-07-28T12:10:48.052+0600 INFO Starting OfficelibraryApplication on MacBook-Pro-Alexey.local with PID 9264 (/Users/alexey/IdeaProjects/officelibrary/target/classes started by alexey in /Users/alexey/IdeaProjects/officelibrary)
2020-07-28T12:10:48.054+0600 DEBUG Running with Spring Boot v2.3.1.RELEASE, Spring v5.2.7.RELEASE
2020-07-28T12:10:48.054+0600 INFO No active profile set, falling back to default profiles: default
2020-07-28T12:10:50.639+0600 INFO Started OfficelibraryApplication in 2.859 seconds (JVM running for 3.799)
2020-07-28T12:11:47.029+0600 INFO application started
2020-07-28T12:11:47.322+0600 INFO Starting OfficelibraryApplication on MacBook-Pro-Alexey.local with PID 9282 (/Users/alexey/IdeaProjects/officelibrary/target/classes started by alexey in /Users/alexey/IdeaProjects/officelibrary)
2020-07-28T12:11:47.324+0600 DEBUG Running with Spring Boot v2.3.1.RELEASE, Spring v5.2.7.RELEASE
2020-07-28T12:11:47.324+0600 INFO No active profile set, falling back to default profiles: default
2020-07-28T12:11:49.954+0600 INFO Started OfficelibraryApplication in 2.87 seconds (JVM running for 3.613)
2020-07-28T12:11:59.965+0600 INFO application started
2020-07-28T12:12:00.261+0600 INFO Starting OfficelibraryApplication on MacBook-Pro-Alexey.local with PID 9301 (/Users/alexey/IdeaProjects/officelibrary/target/classes started by alexey in /Users/alexey/IdeaProjects/officelibrary)
2020-07-28T12:12:00.264+0600 DEBUG Running with Spring Boot v2.3.1.RELEASE, Spring v5.2.7.RELEASE
2020-07-28T12:12:00.265+0600 INFO No active profile set, falling back to default profiles: default
2020-07-28T12:12:02.577+0600 INFO Started OfficelibraryApplication in 2.555 seconds (JVM running for 3.354)
2020-07-28T12:17:05.803+0600 INFO application started
2020-07-28T12:17:06.404+0600 INFO Starting OfficelibraryApplication on MacBook-Pro-Alexey.local with PID 9387 (/Users/alexey/IdeaProjects/officelibrary/target/classes started by alexey in /Users/alexey/IdeaProjects/officelibrary)
2020-07-28T12:17:06.409+0600 DEBUG Running with Spring Boot v2.3.1.RELEASE, Spring v5.2.7.RELEASE
2020-07-28T12:17:06.410+0600 INFO No active profile set, falling back to default profiles: default
2020-07-28T12:17:11.233+0600 INFO Started OfficelibraryApplication in 5.329 seconds (JVM running for 6.806)
2020-07-28T12:17:30.388+0600 INFO application started
2020-07-28T12:17:30.909+0600 INFO Starting OfficelibraryApplication on MacBook-Pro-Alexey.local with PID 9408 (/Users/alexey/IdeaProjects/officelibrary/target/classes started by alexey in /Users/alexey/IdeaProjects/officelibrary)
2020-07-28T12:17:30.913+0600 DEBUG Running with Spring Boot v2.3.1.RELEASE, Spring v5.2.7.RELEASE
2020-07-28T12:17:30.914+0600 INFO No active profile set, falling back to default profiles: default
2020-07-28T12:17:35.313+0600 INFO Started OfficelibraryApplication in 4.83 seconds (JVM running for 6.354)
2020-07-28T12:18:24.853+0600 INFO application started
2020-07-28T12:18:25.133+0600 INFO Starting OfficelibraryApplication on MacBook-Pro-Alexey.local with PID 9428 (/Users/alexey/IdeaProjects/officelibrary/target/classes started by alexey in /Users/alexey/IdeaProjects/officelibrary)
2020-07-28T12:18:25.135+0600 DEBUG Running with Spring Boot v2.3.1.RELEASE, Spring v5.2.7.RELEASE
2020-07-28T12:18:25.135+0600 INFO No active profile set, falling back to default profiles: default
2020-07-28T12:19:07.461+0600 INFO application started
2020-07-28T12:19:07.727+0600 INFO Starting OfficelibraryApplication on MacBook-Pro-Alexey.local with PID 9448 (/Users/alexey/IdeaProjects/officelibrary/target/classes started by alexey in /Users/alexey/IdeaProjects/officelibrary)
2020-07-28T12:19:07.730+0600 DEBUG Running with Spring Boot v2.3.1.RELEASE, Spring v5.2.7.RELEASE
2020-07-28T12:19:07.731+0600 INFO No active profile set, falling back to default profiles: default
2020-07-28T12:19:29.965+0600 INFO application started
2020-07-28T12:19:30.231+0600 INFO Starting OfficelibraryApplication on MacBook-Pro-Alexey.local with PID 9463 (/Users/alexey/IdeaProjects/officelibrary/target/classes started by alexey in /Users/alexey/IdeaProjects/officelibrary)
2020-07-28T12:19:30.233+0600 DEBUG Running with Spring Boot v2.3.1.RELEASE, Spring v5.2.7.RELEASE
2020-07-28T12:19:30.234+0600 INFO No active profile set, falling back to default profiles: default
2020-07-28T12:19:32.636+0600 INFO Started OfficelibraryApplication in 2.616 seconds (JVM running for 3.329)
2020-07-29T10:15:19.695+0600 INFO application started
2020-07-29T10:15:19.981+0600 INFO Starting OfficelibraryApplication on MacBook-Pro-Alexey.local with PID 13670 (/Users/alexey/IdeaProjects/officelibrary/target/classes started by alexey in /Users/alexey/IdeaProjects/officelibrary)
2020-07-29T10:15:19.983+0600 DEBUG Running with Spring Boot v2.3.1.RELEASE, Spring v5.2.7.RELEASE
2020-07-29T10:15:19.984+0600 INFO No active profile set, falling back to default profiles: default
2020-07-29T10:15:23.012+0600 INFO Started OfficelibraryApplication in 3.261 seconds (JVM running for 4.138)
2020-07-29T10:17:04.170+0600 INFO application started
2020-07-29T10:17:04.451+0600 INFO Starting OfficelibraryApplication on MacBook-Pro-Alexey.local with PID 13702 (/Users/alexey/IdeaProjects/officelibrary/target/classes started by alexey in /Users/alexey/IdeaProjects/officelibrary)
2020-07-29T10:17:04.453+0600 DEBUG Running with Spring Boot v2.3.1.RELEASE, Spring v5.2.7.RELEASE
2020-07-29T10:17:04.454+0600 INFO No active profile set, falling back to default profiles: default
2020-07-29T10:17:07.194+0600 INFO Started OfficelibraryApplication in 2.967 seconds (JVM running for 3.764)
2020-07-29T10:17:40.327+0600 INFO application started
2020-07-29T10:17:40.642+0600 INFO Starting OfficelibraryApplication on MacBook-Pro-Alexey.local with PID 13721 (/Users/alexey/IdeaProjects/officelibrary/target/classes started by alexey in /Users/alexey/IdeaProjects/officelibrary)
2020-07-29T10:17:40.645+0600 DEBUG Running with Spring Boot v2.3.1.RELEASE, Spring v5.2.7.RELEASE
2020-07-29T10:17:40.645+0600 INFO No active profile set, falling back to default profiles: default
2020-07-29T10:17:43.696+0600 INFO Started OfficelibraryApplication in 3.312 seconds (JVM running for 4.062)
2020-07-29T10:18:30.050+0600 INFO application started
2020-07-29T10:18:30.397+0600 INFO Starting OfficelibraryApplication on MacBook-Pro-Alexey.local with PID 13745 (/Users/alexey/IdeaProjects/officelibrary/target/classes started by alexey in /Users/alexey/IdeaProjects/officelibrary)
2020-07-29T10:18:30.400+0600 DEBUG Running with Spring Boot v2.3.1.RELEASE, Spring v5.2.7.RELEASE
2020-07-29T10:18:30.400+0600 INFO No active profile set, falling back to default profiles: default
2020-07-29T10:18:33.225+0600 INFO Started OfficelibraryApplication in 3.11 seconds (JVM running for 4.167)
2020-07-29T10:19:38.063+0600 INFO application started
2020-07-29T10:19:38.350+0600 INFO Starting OfficelibraryApplication on MacBook-Pro-Alexey.local with PID 13772 (/Users/alexey/IdeaProjects/officelibrary/target/classes started by alexey in /Users/alexey/IdeaProjects/officelibrary)
2020-07-29T10:19:38.352+0600 DEBUG Running with Spring Boot v2.3.1.RELEASE, Spring v5.2.7.RELEASE
2020-07-29T10:19:38.352+0600 INFO No active profile set, falling back to default profiles: default
2020-07-29T10:19:41.294+0600 INFO Started OfficelibraryApplication in 3.166 seconds (JVM running for 3.921)
2020-07-29T10:20:35.061+0600 INFO application started
2020-07-29T10:20:35.368+0600 INFO Starting OfficelibraryApplication on MacBook-Pro-Alexey.local with PID 13788 (/Users/alexey/IdeaProjects/officelibrary/target/classes started by alexey in /Users/alexey/IdeaProjects/officelibrary)
2020-07-29T10:20:35.371+0600 DEBUG Running with Spring Boot v2.3.1.RELEASE, Spring v5.2.7.RELEASE
2020-07-29T10:20:35.372+0600 INFO No active profile set, falling back to default profiles: default
2020-07-29T10:20:38.752+0600 INFO Started OfficelibraryApplication in 3.632 seconds (JVM running for 4.522)
2020-07-29T10:23:08.955+0600 INFO application started
2020-07-29T10:23:09.276+0600 INFO Starting OfficelibraryApplication on MacBook-Pro-Alexey.local with PID 13814 (/Users/alexey/IdeaProjects/officelibrary/target/classes started by alexey in /Users/alexey/IdeaProjects/officelibrary)
2020-07-29T10:23:09.279+0600 DEBUG Running with Spring Boot v2.3.1.RELEASE, Spring v5.2.7.RELEASE
2020-07-29T10:23:09.280+0600 INFO No active profile set, falling back to default profiles: default
2020-07-29T10:23:12.479+0600 INFO Started OfficelibraryApplication in 3.449 seconds (JVM running for 4.39)
2020-07-29T10:24:07.266+0600 INFO application started
2020-07-29T10:24:07.579+0600 INFO Starting OfficelibraryApplication on MacBook-Pro-Alexey.local with PID 13831 (/Users/alexey/IdeaProjects/officelibrary/target/classes started by alexey in /Users/alexey/IdeaProjects/officelibrary)
2020-07-29T10:24:07.581+0600 DEBUG Running with Spring Boot v2.3.1.RELEASE, Spring v5.2.7.RELEASE
2020-07-29T10:24:07.581+0600 INFO No active profile set, falling back to default profiles: default
2020-07-29T10:24:10.493+0600 INFO Started OfficelibraryApplication in 3.158 seconds (JVM running for 4.049)
2020-07-29T10:27:09.771+0600 INFO application started
2020-07-29T10:27:10.097+0600 INFO Starting OfficelibraryApplication on MacBook-Pro-Alexey.local with PID 13869 (/Users/alexey/IdeaProjects/officelibrary/target/classes started by alexey in /Users/alexey/IdeaProjects/officelibrary)
2020-07-29T10:27:10.100+0600 DEBUG Running with Spring Boot v2.3.1.RELEASE, Spring v5.2.7.RELEASE
2020-07-29T10:27:10.101+0600 INFO No active profile set, falling back to default profiles: default
2020-07-29T10:27:13.025+0600 INFO Started OfficelibraryApplication in 3.184 seconds (JVM running for 4.241)
2020-07-29T10:27:48.136+0600 INFO application started
2020-07-29T10:27:48.386+0600 INFO Starting OfficelibraryApplication on MacBook-Pro-Alexey.local with PID 13891 (/Users/alexey/IdeaProjects/officelibrary/target/classes started by alexey in /Users/alexey/IdeaProjects/officelibrary)
2020-07-29T10:27:48.389+0600 DEBUG Running with Spring Boot v2.3.1.RELEASE, Spring v5.2.7.RELEASE
2020-07-29T10:27:48.389+0600 INFO No active profile set, falling back to default profiles: default
2020-07-29T10:27:50.725+0600 INFO Started OfficelibraryApplication in 2.539 seconds (JVM running for 3.332)
2020-07-29T10:33:09.811+0600 INFO application started
2020-07-29T10:33:10.106+0600 INFO Starting OfficelibraryApplication on MacBook-Pro-Alexey.local with PID 14000 (/Users/alexey/IdeaProjects/officelibrary/target/classes started by alexey in /Users/alexey/IdeaProjects/officelibrary)
2020-07-29T10:33:10.109+0600 DEBUG Running with Spring Boot v2.3.1.RELEASE, Spring v5.2.7.RELEASE
2020-07-29T10:33:10.110+0600 INFO No active profile set, falling back to default profiles: default
2020-07-29T10:33:13.105+0600 INFO Started OfficelibraryApplication in 3.23 seconds (JVM running for 4.109)
2020-07-29T10:33:58.403+0600 INFO application started
2020-07-29T10:33:59.200+0600 INFO Starting OfficelibraryApplication on MacBook-Pro-Alexey.local with PID 14031 (/Users/alexey/IdeaProjects/officelibrary/target/classes started by alexey in /Users/alexey/IdeaProjects/officelibrary)
2020-07-29T10:33:59.206+0600 DEBUG Running with Spring Boot v2.3.1.RELEASE, Spring v5.2.7.RELEASE
2020-07-29T10:33:59.207+0600 INFO No active profile set, falling back to default profiles: default
2020-07-29T10:34:10.212+0600 INFO application started
2020-07-29T10:34:10.767+0600 INFO Starting OfficelibraryApplication on MacBook-Pro-Alexey.local with PID 14050 (/Users/alexey/IdeaProjects/officelibrary/target/classes started by alexey in /Users/alexey/IdeaProjects/officelibrary)
2020-07-29T10:34:10.772+0600 DEBUG Running with Spring Boot v2.3.1.RELEASE, Spring v5.2.7.RELEASE
2020-07-29T10:34:10.773+0600 INFO No active profile set, falling back to default profiles: default
2020-07-29T10:34:16.343+0600 INFO Started OfficelibraryApplication in 6.013 seconds (JVM running for 7.846)
2020-07-29T10:35:13.745+0600 INFO application started
2020-07-29T10:35:14.281+0600 INFO Starting OfficelibraryApplication on MacBook-Pro-Alexey.local with PID 14083 (/Users/alexey/IdeaProjects/officelibrary/target/classes started by alexey in /Users/alexey/IdeaProjects/officelibrary)
2020-07-29T10:35:14.284+0600 DEBUG Running with Spring Boot v2.3.1.RELEASE, Spring v5.2.7.RELEASE
2020-07-29T10:35:14.286+0600 INFO No active profile set, falling back to default profiles: default
2020-07-29T10:35:19.508+0600 INFO Started OfficelibraryApplication in 5.657 seconds (JVM running for 7.293)
